d:\ubb\sem 2\oop\lab 5 - copy\filme\x64\debug\filme.pch
d:\ubb\sem 2\oop\lab 5 - copy\filme\x64\debug\vc141.pdb
d:\ubb\sem 2\oop\lab 5 - copy\filme\x64\debug\vc141.idb
d:\ubb\sem 2\oop\lab 5 - copy\filme\x64\debug\stdafx.obj
d:\ubb\sem 2\oop\lab 5 - copy\filme\x64\debug\validator.obj
d:\ubb\sem 2\oop\lab 5 - copy\filme\x64\debug\ui.obj
d:\ubb\sem 2\oop\lab 5 - copy\filme\x64\debug\tests.obj
d:\ubb\sem 2\oop\lab 5 - copy\filme\x64\debug\repository.obj
d:\ubb\sem 2\oop\lab 5 - copy\filme\x64\debug\filme.obj
d:\ubb\sem 2\oop\lab 5 - copy\filme\x64\debug\film.obj
d:\ubb\sem 2\oop\lab 5 - copy\filme\x64\debug\filewriter.obj
d:\ubb\sem 2\oop\lab 5 - copy\filme\x64\debug\filereader.obj
d:\ubb\sem 2\oop\lab 5 - copy\filme\x64\debug\fileopener.obj
d:\ubb\sem 2\oop\lab 5 - copy\filme\x64\debug\exception.obj
d:\ubb\sem 2\oop\lab 5 - copy\filme\x64\debug\controller.obj
d:\ubb\sem 2\oop\lab 5 - copy\x64\debug\filme.exe
d:\ubb\sem 2\oop\lab 5 - copy\x64\debug\filme.ilk
d:\ubb\sem 2\oop\lab 5 - copy\x64\debug\filme.pdb
d:\ubb\sem 2\oop\lab 5 - copy\filme\x64\debug\filme.tlog\cl.command.1.tlog
d:\ubb\sem 2\oop\lab 5 - copy\filme\x64\debug\filme.tlog\cl.read.1.tlog
d:\ubb\sem 2\oop\lab 5 - copy\filme\x64\debug\filme.tlog\cl.write.1.tlog
d:\ubb\sem 2\oop\lab 5 - copy\filme\x64\debug\filme.tlog\link.command.1.tlog
d:\ubb\sem 2\oop\lab 5 - copy\filme\x64\debug\filme.tlog\link.read.1.tlog
d:\ubb\sem 2\oop\lab 5 - copy\filme\x64\debug\filme.tlog\link.write.1.tlog
